2023-09-12 23:16:40	https://purpleslurple.com/psArchive.php	Kim's “
<a href="http://www.eekim.com/software/purple/purple.html">An Introduction to Purple</a>”.
See		
<title>PurpleSlurple</title>
<h2>Welcome to PurpleSlurple &#153;</h2>
<h3>Granular Addressability in HTML Documents - ON THE FLY</h3>
<p><b><q>Slurp up a Web page, spit back Purple numbers</q></b></p><hr>
<p>If you are not familiar with Purple numbers you may want to read Eugene Eric Kim's &ldquo;
<a href="http://www.eekim.com/software/purple/purple.html">An Introduction to Purple</a>&rdquo;.
See also Eric Armstrong's comments on <a href="https://purpleslurple.com/psArchive.php?theurl=https://web.archive.org/web/20020705201817/http://www.treelight.com/software/collaboration/whatsWrongWithEmail.html#purp720">granular addressability</a></p>
<p>Want one-click Purple numbers? Right-click on this link,
<a href="javascript:location.href='https://purpleslurple.com/psArchive.php?theurl='+document.location.href;">PurpleSlurple Bookmarklet</a>,
and bookmark it, or drag and drop this bookmark onto your browser's personal toolbar.
Now when you are viewing a page on which you would like Purple numbers just click the bookmarklet.
(Javascript must be enabled).</p><hr>
<p>Enter the URL of the page to which you would like to apply Purple numbers.</p>
<form method="get" action="/psArchive.php"><input type="text" name="theurl" size="30">
(e.g., https://somedomain.com/somepage.html)<br><input type="submit" value="Submit"></form>
<hr><p><a href="https://purpleslurple.com/">PurpleSlurple</a> &#153;
was created by <a href="mailto:matsch@sasites.com">Matthew A. Schneider</a></p>
2023-09-12 23:20:05	https://purpleslurple.com/psArchive.php	<p>omments on <a href="https://purpleslurple.com/psArchive.php?theurl=https://web.archive.org/web/20020705201817/http://www.treelight.com/software/collaboration/whatsWrongWithEmail.html#purp720">granular addressability</a></p>
<p>Want one</p>		
<title>PurpleSlurple</title>
<h2>Welcome to PurpleSlurple &#153;</h2>
<h3>Granular Addressability in HTML Documents - ON THE FLY</h3>
<p><b><q>Slurp up a Web page, spit back Purple numbers</q></b></p><hr>
<p>If you are not familiar with Purple numbers you may want to read Eugene Eric Kim's &ldquo;
<a href="http://www.eekim.com/software/purple/purple.html">An Introduction to Purple</a>&rdquo;.
See also Eric Armstrong's comments on <a href="https://purpleslurple.com/psArchive.php?theurl=https://web.archive.org/web/20020705201817/http://www.treelight.com/software/collaboration/whatsWrongWithEmail.html#purp720">granular addressability</a></p>
<p>Want one-click Purple numbers? Right-click on this link,
<a href="javascript:location.href='https://purpleslurple.com/psArchive.php?theurl='+document.location.href;">PurpleSlurple Bookmarklet</a>,
and bookmark it, or drag and drop this bookmark onto your browser's personal toolbar.
Now when you are viewing a page on which you would like Purple numbers just click the bookmarklet.
(Javascript must be enabled).</p><hr>
<p>Enter the URL of the page to which you would like to apply Purple numbers.</p>
<form method="get" action="/psArchive.php"><input type="text" name="theurl" size="30">
(e.g., https://somedomain.com/somepage.html)<br><input type="submit" value="Submit"></form>
<hr><p><a href="https://purpleslurple.com/">PurpleSlurple</a> &#153;
was created by <a href="mailto:matsch@sasites.com">Matthew A. Schneider</a></p>
2023-09-12 23:28:03	https://purpleslurple.com/	Nelson said,
            <q cite="https://web.archive.org/web/20020601145400/http://ted.hyperland.com/quotableformat.txt">The most important thing is to</q>		<html>
    <head><meta charset="utf-8"><meta name="viewport" content="width=device-width, initial-scale=1"><title>Home - PurpleSlurple</title>
    </head>
    <body>
        <h1>Welcome to the home of PurpleSlurple. Granular links for everyone.</h1>
        <p>PurpleSlurple transcodes web pages on the fly to make them granularly accessible. <a href="https://purpleslurple.com/quip.php?text=Granular%20Addressability%20in%20HTML%20Documents%20-%20ON%20THE%20FLY&url=https%3A%2F%2Fdougengelbart.org%2Fcolloquium%2Fforum%2Fba-unrev-talk%2F0209%2Fmsg00015.html">Publically available since 2002</a>, it's the original deep-linking proxy.</p>
        <h1>20 years of 'Slurped goodness!</h1>
        <p>Try it <a href="https://purpleslurple.com/psArchive.php">here</a>.</p>
        <p>Nelson said,
            <q cite="https://web.archive.org/web/20020601145400/http://ted.hyperland.com/quotableformat.txt">The most important thing is to re-introduce the concept of deep quotability to hypertext, always part of the original hypertext project.</q>
        We couldn't agree more.</p>
    </body>
</html>
2023-09-12 23:29:13	https://purpleslurple.com/	granularly accessible. <a href="https://purpleslurple.com/quip.php?text=Granular%20Addressability%20in%20HTML%20Documents%20-%20ON%20THE%20FLY&amp;url=https%3A%2F%2Fdougengelbart.org%2Fcolloquium%2Fforum%2Fba-unrev-talk%2F0209%2Fmsg00015.html">Publically available since 2002</a>, it's the original		<html>
    <head><meta charset="utf-8"><meta name="viewport" content="width=device-width, initial-scale=1"><title>Home - PurpleSlurple</title>
    </head>
    <body>
        <h1>Welcome to the home of PurpleSlurple. Granular links for everyone.</h1>
        <p>PurpleSlurple transcodes web pages on the fly to make them granularly accessible. <a href="https://purpleslurple.com/quip.php?text=Granular%20Addressability%20in%20HTML%20Documents%20-%20ON%20THE%20FLY&url=https%3A%2F%2Fdougengelbart.org%2Fcolloquium%2Fforum%2Fba-unrev-talk%2F0209%2Fmsg00015.html">Publically available since 2002</a>, it's the original deep-linking proxy.</p>
        <h1>20 years of 'Slurped goodness!</h1>
        <p>Try it <a href="https://purpleslurple.com/psArchive.php">here</a>.</p>
        <p>Nelson said,
            <q cite="https://web.archive.org/web/20020601145400/http://ted.hyperland.com/quotableformat.txt">The most important thing is to re-introduce the concept of deep quotability to hypertext, always part of the original hypertext project.</q>
        We couldn't agree more.</p>
    </body>
</html>
